<?xml version="1.0" encoding="UTF-8"?>
<testng-results ignored="0" total="5" passed="5" failed="0" skipped="0">
  <reporter-output>
  </reporter-output>
  <suite started-at="2023-09-19T08:15:31 IST" name="Default suite" finished-at="2023-09-19T08:15:53 IST" duration-ms="22018">
    <groups>
    </groups>
    <test started-at="2023-09-19T08:15:31 IST" name="Default test" finished-at="2023-09-19T08:15:53 IST" duration-ms="22018">
      <class name="gmoApp.Validate">
        <test-method is-config="true" signature="beforeSuite()[pri:0, instance:gmoApp.Validate@3fc2959f]" started-at="2023-09-19T08:15:31 IST" name="beforeSuite" finished-at="2023-09-19T08:15:31 IST" duration-ms="11" status="PASS">
          <reporter-output>
          </reporter-output>
        </test-method> <!-- beforeSuite -->
        <test-method is-config="true" signature="beforeTest()[pri:0, instance:gmoApp.Validate@3fc2959f]" started-at="2023-09-19T08:15:31 IST" name="beforeTest" finished-at="2023-09-19T08:15:33 IST" duration-ms="2533" status="PASS">
          <reporter-output>
          </reporter-output>
        </test-method> <!-- beforeTest -->
        <test-method is-config="true" signature="beforeClass()[pri:0, instance:gmoApp.Validate@3fc2959f]" started-at="2023-09-19T08:15:33 IST" name="beforeClass" finished-at="2023-09-19T08:15:33 IST" duration-ms="0" status="PASS">
          <reporter-output>
          </reporter-output>
        </test-method> <!-- beforeClass -->
        <test-method is-config="true" signature="beforeMethod()[pri:0, instance:gmoApp.Validate@3fc2959f]" started-at="2023-09-19T08:15:33 IST" name="beforeMethod" finished-at="2023-09-19T08:15:33 IST" duration-ms="1" status="PASS">
          <reporter-output>
          </reporter-output>
        </test-method> <!-- beforeMethod -->
        <test-method signature="LaunchQAApp()[pri:0, instance:gmoApp.Validate@3fc2959f]" started-at="2023-09-19T08:15:33 IST" name="LaunchQAApp" finished-at="2023-09-19T08:15:47 IST" duration-ms="13943" status="PASS">
          <reporter-output>
          </reporter-output>
        </test-method> <!-- LaunchQAApp -->
        <test-method is-config="true" signature="afterMethod()[pri:0, instance:gmoApp.Validate@3fc2959f]" started-at="2023-09-19T08:15:47 IST" name="afterMethod" finished-at="2023-09-19T08:15:47 IST" duration-ms="0" status="PASS">
          <reporter-output>
          </reporter-output>
        </test-method> <!-- afterMethod -->
        <test-method signature="validateNormalAlert()[pri:1, instance:gmoApp.Validate@3fc2959f]" started-at="2023-09-19T08:15:47 IST" name="validateNormalAlert" finished-at="2023-09-19T08:15:47 IST" duration-ms="87" status="PASS">
          <reporter-output>
          </reporter-output>
        </test-method> <!-- validateNormalAlert -->
        <test-method is-config="true" signature="beforeMethod()[pri:0, instance:gmoApp.Validate@3fc2959f]" started-at="2023-09-19T08:15:47 IST" name="beforeMethod" finished-at="2023-09-19T08:15:47 IST" duration-ms="0" status="PASS">
          <reporter-output>
          </reporter-output>
        </test-method> <!-- beforeMethod -->
        <test-method is-config="true" signature="afterMethod()[pri:0, instance:gmoApp.Validate@3fc2959f]" started-at="2023-09-19T08:15:47 IST" name="afterMethod" finished-at="2023-09-19T08:15:47 IST" duration-ms="0" status="PASS">
          <reporter-output>
          </reporter-output>
        </test-method> <!-- afterMethod -->
        <test-method signature="validateNormalAlert1()[pri:2, instance:gmoApp.Validate@3fc2959f]" started-at="2023-09-19T08:15:47 IST" name="validateNormalAlert1" finished-at="2023-09-19T08:15:53 IST" duration-ms="5207" status="PASS">
          <reporter-output>
          </reporter-output>
        </test-method> <!-- validateNormalAlert1 -->
        <test-method is-config="true" signature="beforeMethod()[pri:0, instance:gmoApp.Validate@3fc2959f]" started-at="2023-09-19T08:15:47 IST" name="beforeMethod" finished-at="2023-09-19T08:15:47 IST" duration-ms="0" status="PASS">
          <reporter-output>
          </reporter-output>
        </test-method> <!-- beforeMethod -->
        <test-method is-config="true" signature="afterMethod()[pri:0, instance:gmoApp.Validate@3fc2959f]" started-at="2023-09-19T08:15:53 IST" name="afterMethod" finished-at="2023-09-19T08:15:53 IST" duration-ms="0" status="PASS">
          <reporter-output>
          </reporter-output>
        </test-method> <!-- afterMethod -->
        <test-method is-config="true" signature="beforeMethod()[pri:0, instance:gmoApp.Validate@3fc2959f]" started-at="2023-09-19T08:15:53 IST" name="beforeMethod" finished-at="2023-09-19T08:15:53 IST" duration-ms="0" status="PASS">
          <reporter-output>
          </reporter-output>
        </test-method> <!-- beforeMethod -->
        <test-method signature="validateConfirmBox()[pri:3, instance:gmoApp.Validate@3fc2959f]" started-at="2023-09-19T08:15:53 IST" name="validateConfirmBox" finished-at="2023-09-19T08:15:53 IST" duration-ms="96" status="PASS">
          <reporter-output>
          </reporter-output>
        </test-method> <!-- validateConfirmBox -->
        <test-method is-config="true" signature="afterMethod()[pri:0, instance:gmoApp.Validate@3fc2959f]" started-at="2023-09-19T08:15:53 IST" name="afterMethod" finished-at="2023-09-19T08:15:53 IST" duration-ms="0" status="PASS">
          <reporter-output>
          </reporter-output>
        </test-method> <!-- afterMethod -->
        <test-method signature="validatePromptBox()[pri:4, instance:gmoApp.Validate@3fc2959f]" started-at="2023-09-19T08:15:53 IST" name="validatePromptBox" finished-at="2023-09-19T08:15:53 IST" duration-ms="94" status="PASS">
          <reporter-output>
          </reporter-output>
        </test-method> <!-- validatePromptBox -->
        <test-method is-config="true" signature="beforeMethod()[pri:0, instance:gmoApp.Validate@3fc2959f]" started-at="2023-09-19T08:15:53 IST" name="beforeMethod" finished-at="2023-09-19T08:15:53 IST" duration-ms="0" status="PASS">
          <reporter-output>
          </reporter-output>
        </test-method> <!-- beforeMethod -->
        <test-method is-config="true" signature="afterMethod()[pri:0, instance:gmoApp.Validate@3fc2959f]" started-at="2023-09-19T08:15:53 IST" name="afterMethod" finished-at="2023-09-19T08:15:53 IST" duration-ms="1" status="PASS">
          <reporter-output>
          </reporter-output>
        </test-method> <!-- afterMethod -->
        <test-method is-config="true" signature="afterClass()[pri:0, instance:gmoApp.Validate@3fc2959f]" started-at="2023-09-19T08:15:53 IST" name="afterClass" finished-at="2023-09-19T08:15:53 IST" duration-ms="0" status="PASS">
          <reporter-output>
          </reporter-output>
        </test-method> <!-- afterClass -->
        <test-method is-config="true" signature="afterTest()[pri:0, instance:gmoApp.Validate@3fc2959f]" started-at="2023-09-19T08:15:53 IST" name="afterTest" finished-at="2023-09-19T08:15:53 IST" duration-ms="1" status="PASS">
          <reporter-output>
          </reporter-output>
        </test-method> <!-- afterTest -->
        <test-method is-config="true" signature="afterSuite()[pri:0, instance:gmoApp.Validate@3fc2959f]" started-at="2023-09-19T08:15:53 IST" name="afterSuite" finished-at="2023-09-19T08:15:53 IST" duration-ms="0" status="PASS">
          <reporter-output>
          </reporter-output>
        </test-method> <!-- afterSuite -->
      </class> <!-- gmoApp.Validate -->
    </test> <!-- Default test -->
  </suite> <!-- Default suite -->
</testng-results>
