<?xml version="1.0" encoding="UTF-8"?>
<testng-results ignored="0" total="4" passed="4" failed="0" skipped="0">
  <reporter-output>
  </reporter-output>
  <suite started-at="2023-09-18T11:47:42 IST" name="Suite" finished-at="2023-09-18T11:48:25 IST" duration-ms="42912">
    <groups>
    </groups>
    <test started-at="2023-09-18T11:47:42 IST" name="Test" finished-at="2023-09-18T11:48:25 IST" duration-ms="42912">
      <class name="gmoApp.ApplicationFormofGMO">
        <test-method is-config="true" signature="BeforeSuit()[pri:0, instance:gmoApp.ApplicationFormofGMO@4c12331b]" started-at="2023-09-18T11:47:42 IST" name="BeforeSuit" finished-at="2023-09-18T11:47:42 IST" duration-ms="11" status="PASS">
          <reporter-output>
          </reporter-output>
        </test-method> <!-- BeforeSuit -->
        <test-method is-config="true" signature="BeforeTest()[pri:0, instance:gmoApp.ApplicationFormofGMO@4c12331b]" started-at="2023-09-18T11:47:42 IST" name="BeforeTest" finished-at="2023-09-18T11:47:50 IST" duration-ms="7809" status="PASS">
          <reporter-output>
          </reporter-output>
        </test-method> <!-- BeforeTest -->
        <test-method signature="GmoOnlineAppOpen()[pri:0, instance:gmoApp.ApplicationFormofGMO@4c12331b]" started-at="2023-09-18T11:47:50 IST" name="GmoOnlineAppOpen" finished-at="2023-09-18T11:47:51 IST" duration-ms="1763" status="PASS">
          <reporter-output>
          </reporter-output>
        </test-method> <!-- GmoOnlineAppOpen -->
        <test-method signature="EnterGmoOnline()[pri:1, instance:gmoApp.ApplicationFormofGMO@4c12331b]" started-at="2023-09-18T11:47:51 IST" name="EnterGmoOnline" finished-at="2023-09-18T11:47:52 IST" depends-on-methods="gmoApp.ApplicationFormofGMO.GmoOnlineAppOpen" duration-ms="711" status="PASS">
          <reporter-output>
          </reporter-output>
        </test-method> <!-- EnterGmoOnline -->
        <test-method signature="PalceAnOrder()[pri:2, instance:gmoApp.ApplicationFormofGMO@4c12331b]" started-at="2023-09-18T11:47:52 IST" name="PalceAnOrder" finished-at="2023-09-18T11:47:53 IST" depends-on-methods="gmoApp.ApplicationFormofGMO.EnterGmoOnline" duration-ms="599" status="PASS">
          <reporter-output>
          </reporter-output>
        </test-method> <!-- PalceAnOrder -->
        <test-method signature="ProceedWithOrder()[pri:3, instance:gmoApp.ApplicationFormofGMO@4c12331b]" started-at="2023-09-18T11:47:53 IST" name="ProceedWithOrder" finished-at="2023-09-18T11:48:25 IST" depends-on-methods="gmoApp.ApplicationFormofGMO.PalceAnOrder" duration-ms="31926" status="PASS">
          <reporter-output>
          </reporter-output>
        </test-method> <!-- ProceedWithOrder -->
      </class> <!-- gmoApp.ApplicationFormofGMO -->
    </test> <!-- Test -->
  </suite> <!-- Suite -->
</testng-results>
