<?xml version="1.0" encoding="UTF-8"?>
<!-- Generated by org.testng.reporters.JUnitXMLReporter -->
<testsuite ignored="0" hostname="DESKTOP-LT16E02" failures="1" tests="1" name="Test" time="4.924" errors="0" timestamp="2023-09-12T21:17:35 IST">
  <testcase classname="com.GMOOnline.GMOData" name="doLogin" time="4.872">
    <failure type="java.lang.IllegalArgumentException" message="Cannot find elements when the XPath is null.">
      <![CDATA[java.lang.IllegalArgumentException: Cannot find elements when the XPath is null.
at org.openqa.selenium.internal.Require$ArgumentChecker.nonNull(Require.java:207)
at org.openqa.selenium.By$ByXPath.<init>(By.java:286)
at org.openqa.selenium.By.xpath(By.java:89)
at com.ApplictionKeywords.GenericKeywords.getLocator(GenericKeywords.java:98)
at com.ApplictionKeywords.GenericKeywords.isElementPresent(GenericKeywords.java:84)
at com.ApplictionKeywords.GenericKeywords.getElement(GenericKeywords.java:72)
at com.ApplictionKeywords.GenericKeywords.typeText(GenericKeywords.java:55)
at com.GMOOnline.GMOData.doLogin(GMOData.java:15)
at java.base/java.util.ArrayList.forEach(ArrayList.java:1511)
... Removed 27 stack frames]]>
    </failure>
  </testcase> <!-- doLogin -->
</testsuite> <!-- Test -->
