<?xml version="1.0" encoding="UTF-8"?>
<testng-results ignored="0" total="1" passed="1" failed="0" skipped="0">
  <reporter-output>
  </reporter-output>
  <suite started-at="2023-09-13T12:14:40 IST" name="Default suite" finished-at="2023-09-13T12:14:48 IST" duration-ms="7321">
    <groups>
    </groups>
    <test started-at="2023-09-13T12:14:40 IST" name="Default test" finished-at="2023-09-13T12:14:48 IST" duration-ms="7321">
      <class name="com.GMOOnline.GMOData">
        <test-method is-config="true" signature="beforetest(org.testng.ITestContext)[pri:0, instance:com.GMOOnline.GMOData@5b12b668]" started-at="2023-09-13T12:14:40 IST" name="beforetest" finished-at="2023-09-13T12:14:40 IST" duration-ms="13" status="PASS">
          <params>
            <param index="0">
              <value>
                <![CDATA[org.testng.TestRunner@6a0ac48e]]>
              </value>
            </param>
          </params>
          <reporter-output>
          </reporter-output>
        </test-method> <!-- beforetest -->
        <test-method is-config="true" signature="beforeMethod(org.testng.ITestContext)[pri:0, instance:com.GMOOnline.GMOData@5b12b668]" started-at="2023-09-13T12:14:40 IST" name="beforeMethod" finished-at="2023-09-13T12:14:40 IST" duration-ms="1" status="PASS">
          <params>
            <param index="0">
              <value>
                <![CDATA[org.testng.TestRunner@6a0ac48e]]>
              </value>
            </param>
          </params>
          <reporter-output>
          </reporter-output>
        </test-method> <!-- beforeMethod -->
        <test-method signature="doLogin()[pri:0, instance:com.GMOOnline.GMOData@5b12b668]" started-at="2023-09-13T12:14:40 IST" name="doLogin" finished-at="2023-09-13T12:14:48 IST" duration-ms="7269" status="PASS">
          <reporter-output>
          </reporter-output>
        </test-method> <!-- doLogin -->
      </class> <!-- com.GMOOnline.GMOData -->
    </test> <!-- Default test -->
  </suite> <!-- Default suite -->
</testng-results>
